[2024-05-26T20:52:37.545+0000] {local_task_job_runner.py:120} INFO - ::group::Pre task execution logs
[2024-05-26T20:52:37.719+0000] {taskinstance.py:2076} INFO - Dependencies all met for dep_context=non-requeueable deps ti=<TaskInstance: scrape_bbc_website_dag.scrape_bbc_website_task manual__2024-05-26T20:50:15.020350+00:00 [queued]>
[2024-05-26T20:52:37.750+0000] {taskinstance.py:2076} INFO - Dependencies all met for dep_context=requeueable deps ti=<TaskInstance: scrape_bbc_website_dag.scrape_bbc_website_task manual__2024-05-26T20:50:15.020350+00:00 [queued]>
[2024-05-26T20:52:37.751+0000] {taskinstance.py:2306} INFO - Starting attempt 2 of 2
[2024-05-26T20:52:37.821+0000] {taskinstance.py:2330} INFO - Executing <Task(PythonOperator): scrape_bbc_website_task> on 2024-05-26 20:50:15.020350+00:00
[2024-05-26T20:52:37.837+0000] {standard_task_runner.py:63} INFO - Started process 203 to run task
[2024-05-26T20:52:37.846+0000] {standard_task_runner.py:90} INFO - Running: ['airflow', 'tasks', 'run', 'scrape_bbc_website_dag', 'scrape_bbc_website_task', 'manual__2024-05-26T20:50:15.020350+00:00', '--job-id', '39', '--raw', '--subdir', 'DAGS_FOLDER/welcome_dag.py', '--cfg-path', '/tmp/tmpsfefrje2']
[2024-05-26T20:52:37.849+0000] {standard_task_runner.py:91} INFO - Job 39: Subtask scrape_bbc_website_task
[2024-05-26T20:52:37.996+0000] {task_command.py:426} INFO - Running <TaskInstance: scrape_bbc_website_dag.scrape_bbc_website_task manual__2024-05-26T20:50:15.020350+00:00 [running]> on host 701b5a94ba50
[2024-05-26T20:52:38.245+0000] {taskinstance.py:2648} INFO - Exporting env vars: AIRFLOW_CTX_DAG_OWNER='airflow' AIRFLOW_CTX_DAG_ID='scrape_bbc_website_dag' AIRFLOW_CTX_TASK_ID='scrape_bbc_website_task' AIRFLOW_CTX_EXECUTION_DATE='2024-05-26T20:50:15.020350+00:00' AIRFLOW_CTX_TRY_NUMBER='2' AIRFLOW_CTX_DAG_RUN_ID='manual__2024-05-26T20:50:15.020350+00:00'
[2024-05-26T20:52:38.249+0000] {taskinstance.py:430} INFO - ::endgroup::
[2024-05-26T20:52:38.820+0000] {logging_mixin.py:188} INFO - WebDriverException: Message: Process unexpectedly closed with status 1
[2024-05-26T20:52:44.071+0000] {logging_mixin.py:188} INFO - WebDriverException: Message: Process unexpectedly closed with status 1
[2024-05-26T20:52:49.375+0000] {logging_mixin.py:188} INFO - WebDriverException: Message: Process unexpectedly closed with status 1
[2024-05-26T20:52:54.376+0000] {logging_mixin.py:188} INFO - Max retries exceeded. Unable to scrape website.
[2024-05-26T20:52:54.378+0000] {taskinstance.py:441} INFO - ::group::Post task execution logs
[2024-05-26T20:52:54.379+0000] {taskinstance.py:2905} ERROR - Task failed with exception
Traceback (most recent call last):
  File "/home/airflow/.local/lib/python3.12/site-packages/airflow/models/taskinstance.py", line 465, in _execute_task
    result = _execute_callable(context=context, **execute_callable_kwargs)
             ^^^^^^^^^^^^^^^^^^^^^^^^^^^^^^^^^^^^^^^^^^^^^^^^^^^^^^^^^^^^^
  File "/home/airflow/.local/lib/python3.12/site-packages/airflow/models/taskinstance.py", line 432, in _execute_callable
    return execute_callable(context=context, **execute_callable_kwargs)
           ^^^^^^^^^^^^^^^^^^^^^^^^^^^^^^^^^^^^^^^^^^^^^^^^^^^^^^^^^^^^
  File "/home/airflow/.local/lib/python3.12/site-packages/airflow/models/baseoperator.py", line 400, in wrapper
    return func(self, *args, **kwargs)
           ^^^^^^^^^^^^^^^^^^^^^^^^^^^
  File "/home/airflow/.local/lib/python3.12/site-packages/airflow/operators/python.py", line 235, in execute
    return_value = self.execute_callable()
                   ^^^^^^^^^^^^^^^^^^^^^^^
  File "/home/airflow/.local/lib/python3.12/site-packages/airflow/operators/python.py", line 252, in execute_callable
    return self.python_callable(*self.op_args, **self.op_kwargs)
           ^^^^^^^^^^^^^^^^^^^^^^^^^^^^^^^^^^^^^^^^^^^^^^^^^^^^^
  File "/opt/airflow/dags/welcome_dag.py", line 39, in scrape_bbc_website
    driver.get("https://www.bbc.com/")
    ^^^^^^
UnboundLocalError: cannot access local variable 'driver' where it is not associated with a value
[2024-05-26T20:52:54.408+0000] {taskinstance.py:1206} INFO - Marking task as FAILED. dag_id=scrape_bbc_website_dag, task_id=scrape_bbc_website_task, run_id=manual__2024-05-26T20:50:15.020350+00:00, execution_date=20240526T205015, start_date=20240526T205237, end_date=20240526T205254
[2024-05-26T20:52:54.453+0000] {standard_task_runner.py:110} ERROR - Failed to execute job 39 for task scrape_bbc_website_task (cannot access local variable 'driver' where it is not associated with a value; 203)
[2024-05-26T20:52:54.472+0000] {local_task_job_runner.py:240} INFO - Task exited with return code 1
[2024-05-26T20:52:54.502+0000] {taskinstance.py:3498} INFO - 0 downstream tasks scheduled from follow-on schedule check
[2024-05-26T20:52:54.507+0000] {local_task_job_runner.py:222} INFO - ::endgroup::
